<?xml version="1.0" encoding="UTF-8"?>
<!-- Generated by org.testng.reporters.JUnitReportReporter -->
<testsuite hostname="LeMounir" failures="0" tests="1" name="net.calculator.tc.images_TC" time="15.216" errors="0" timestamp="2022-08-10T10:44:29 EDT" skipped="0">
  <testcase classname="net.calculator.tc.images_TC" name="Test_Images" time="15.216"/>
  <system-out/>
</testsuite> <!-- net.calculator.tc.images_TC -->
