<?xml version="1.0" encoding="UTF-8"?>
<!-- Generated by org.testng.reporters.JUnitReportReporter -->
<testsuite hostname="LeMounir" failures="0" tests="1" name="net.calculator.tc.Calculator_TC" time="7.483" errors="0" timestamp="2022-08-13T23:26:55 EDT" skipped="0">
  <testcase classname="net.calculator.tc.Calculator_TC" name="Test_Calculator" time="7.483"/>
  <system-out/>
</testsuite> <!-- net.calculator.tc.Calculator_TC -->
