<?xml version="1.0" encoding="UTF-8"?>
<!-- Generated by org.testng.reporters.JUnitReportReporter -->
<testsuite hostname="LeMounir" failures="0" tests="9" name="net.calculator.tc.Main_TC" time="150.354" errors="0" timestamp="2022-08-10T13:05:55 EDT" skipped="0">
  <testcase classname="net.calculator.tc.Main_TC" name="Test_calculator" time="6.656"/>
  <system-out/>
  <testcase classname="net.calculator.tc.Main_TC" name="Test_Images" time="12.955"/>
  <system-out/>
  <testcase classname="net.calculator.tc.Main_TC" name="Test_Financial" time="31.006"/>
  <system-out/>
  <testcase classname="net.calculator.tc.Main_TC" name="Test_Fitness" time="18.698"/>
  <system-out/>
  <testcase classname="net.calculator.tc.Main_TC" name="Test_Math" time="16.217"/>
  <system-out/>
  <testcase classname="net.calculator.tc.Main_TC" name="Test_Other" time="19.775"/>
  <system-out/>
  <testcase classname="net.calculator.tc.Main_TC" name="Test_Mortgage" time="12.050"/>
  <system-out/>
  <testcase classname="net.calculator.tc.Main_TC" name="Test_Least_Common_Multiple" time="14.183"/>
  <system-out/>
  <testcase classname="net.calculator.tc.Main_TC" name="Test_Virtual_Dice_Roller" time="18.814"/>
  <system-out/>
</testsuite> <!-- net.calculator.tc.Main_TC -->
