<?xml version="1.0" encoding="UTF-8"?>
<!-- Generated by org.testng.reporters.JUnitReportReporter -->
<testsuite hostname="LeMounir" failures="0" tests="1" name="net.calculator.Test.Unspashed_2_Test" time="11.631" errors="0" timestamp="2022-08-09T16:11:36 EDT" skipped="0">
  <testcase classname="net.calculator.Test.Unspashed_2_Test" name="Test" time="11.631"/>
  <system-out/>
</testsuite> <!-- net.calculator.Test.Unspashed_2_Test -->
