<?xml version="1.0" encoding="UTF-8"?>
<!-- Generated by org.testng.reporters.JUnitReportReporter -->
<testsuite hostname="LeMounir" failures="0" tests="1" name="net.calculator.Test.Fitnesstest" time="20.904" errors="0" timestamp="2022-08-11T09:20:43 EDT" skipped="0">
  <testcase classname="net.calculator.Test.Fitnesstest" name="Test_location" time="20.904"/>
  <system-out/>
</testsuite> <!-- net.calculator.Test.Fitnesstest -->
