<?xml version="1.0" encoding="UTF-8"?>
<!-- Generated by org.testng.reporters.JUnitReportReporter -->
<testsuite hostname="LeMounir" failures="0" tests="1" name="net.calculator.Test.PricelineTest" time="40.171" errors="0" timestamp="2022-08-11T11:41:36 EDT" skipped="0">
  <testcase classname="net.calculator.Test.PricelineTest" name="Google_PO" time="40.171"/>
  <system-out/>
</testsuite> <!-- net.calculator.Test.PricelineTest -->
