<?xml version="1.0" encoding="UTF-8"?>
<!-- Generated by org.testng.reporters.JUnitReportReporter -->
<testsuite hostname="LeMounir" failures="0" tests="10" name="net.calculator.Test.Main_Test" time="287.282" errors="0" timestamp="2022-08-07T22:34:12 EDT" skipped="0">
  <testcase classname="net.calculator.Test.Main_Test" name="Test_calculator" time="6.436"/>
  <system-out/>
  <testcase classname="net.calculator.Test.Main_Test" name="Test_Images" time="19.415"/>
  <system-out/>
  <testcase classname="net.calculator.Test.Main_Test" name="Test_Fitness" time="19.740"/>
  <system-out/>
  <testcase classname="net.calculator.Test.Main_Test" name="Test_Financial" time="17.413"/>
  <system-out/>
  <testcase classname="net.calculator.Test.Main_Test" name="Test_Finanial_Main" time="111.190"/>
  <system-out/>
  <testcase classname="net.calculator.Test.Main_Test" name="Test_Math" time="36.056"/>
  <system-out/>
  <testcase classname="net.calculator.Test.Main_Test" name="Test_Other" time="17.795"/>
  <system-out/>
  <testcase classname="net.calculator.Test.Main_Test" name="Test_Mortgage" time="18.076"/>
  <system-out/>
  <testcase classname="net.calculator.Test.Main_Test" name="Test_Least_Common_Multiple" time="20.523"/>
  <system-out/>
  <testcase classname="net.calculator.Test.Main_Test" name="Test_Virtual_Dice_Roller" time="20.638"/>
  <system-out/>
</testsuite> <!-- net.calculator.Test.Main_Test -->
