<?xml version="1.0" encoding="UTF-8"?>
<!-- Generated by org.testng.reporters.JUnitReportReporter -->
<testsuite hostname="LeMounir" failures="0" tests="1" name="net.calculator.tc.unsplash_TC" time="40.197" errors="0" timestamp="2022-08-07T17:21:45 EDT" skipped="0">
  <testcase classname="net.calculator.tc.unsplash_TC" name="Test" time="40.197"/>
  <system-out/>
</testsuite> <!-- net.calculator.tc.unsplash_TC -->
