<?xml version="1.0" encoding="UTF-8"?>
<!-- Generated by org.testng.reporters.JUnitReportReporter -->
<testsuite hostname="LeMounir" failures="0" tests="1" name="net.calculator.Test.Unsplash_Test" time="37.606" errors="0" timestamp="2022-08-10T18:09:06 EDT" skipped="0">
  <testcase classname="net.calculator.Test.Unsplash_Test" name="Test" time="37.606"/>
  <system-out/>
</testsuite> <!-- net.calculator.Test.Unsplash_Test -->
