<?xml version="1.0" encoding="UTF-8"?>
<!-- Generated by org.testng.reporters.JUnitReportReporter -->
<testsuite hostname="LeMounir" failures="0" tests="1" name="net.calculator.Test.Virtual_Dice_Roller_Test" time="17.742" errors="0" timestamp="2022-08-11T09:20:43 EDT" skipped="0">
  <testcase classname="net.calculator.Test.Virtual_Dice_Roller_Test" name="Test_Virtual_Dice_Roller" time="17.742"/>
  <system-out/>
</testsuite> <!-- net.calculator.Test.Virtual_Dice_Roller_Test -->
