<?xml version="1.0" encoding="UTF-8"?>
<!-- Generated by org.testng.reporters.JUnitReportReporter -->
<testsuite hostname="LeMounir" failures="0" tests="1" name="net.calculator.Test.Unspashed_2_Test" time="16.959" errors="0" timestamp="2022-08-13T18:31:02 EDT" skipped="0">
  <testcase classname="net.calculator.Test.Unspashed_2_Test" name="Test" time="16.959"/>
  <system-out/>
</testsuite> <!-- net.calculator.Test.Unspashed_2_Test -->
