<?xml version="1.0" encoding="UTF-8"?>
<!-- Generated by org.testng.reporters.JUnitReportReporter -->
<testsuite hostname="LeMounir" failures="0" tests="10" name="net.calculator.Test.Main_Test" time="480.192" errors="0" timestamp="2022-08-10T13:16:17 EDT" skipped="0">
  <testcase classname="net.calculator.Test.Main_Test" name="Test_calculator" time="8.267"/>
  <system-out/>
  <testcase classname="net.calculator.Test.Main_Test" name="Test_Images" time="14.472"/>
  <system-out/>
  <testcase classname="net.calculator.Test.Main_Test" name="Test_Fitness" time="29.763"/>
  <system-out/>
  <testcase classname="net.calculator.Test.Main_Test" name="Test_Financial" time="87.187"/>
  <system-out/>
  <testcase classname="net.calculator.Test.Main_Test" name="Test_Finanial_Main" time="235.108"/>
  <system-out/>
  <testcase classname="net.calculator.Test.Main_Test" name="Test_Math" time="24.276"/>
  <system-out/>
  <testcase classname="net.calculator.Test.Main_Test" name="Test_Other" time="18.955"/>
  <system-out/>
  <testcase classname="net.calculator.Test.Main_Test" name="Test_Mortgage" time="19.695"/>
  <system-out/>
  <testcase classname="net.calculator.Test.Main_Test" name="Test_Least_Common_Multiple" time="17.019"/>
  <system-out/>
  <testcase classname="net.calculator.Test.Main_Test" name="Test_Virtual_Dice_Roller" time="25.450"/>
  <system-out/>
</testsuite> <!-- net.calculator.Test.Main_Test -->
