<?xml version="1.0" encoding="UTF-8"?>
<!-- Generated by org.testng.reporters.JUnitReportReporter -->
<testsuite hostname="LeMounir" failures="0" tests="1" name="net.calculator.Test.Freeimages_TC" time="8.315" errors="0" timestamp="2022-08-09T15:15:25 EDT" skipped="0">
  <testcase classname="net.calculator.Test.Freeimages_TC" name="Test_location" time="8.315"/>
  <system-out/>
</testsuite> <!-- net.calculator.Test.Freeimages_TC -->
