<?xml version="1.0" encoding="UTF-8"?>
<!-- Generated by org.testng.reporters.JUnitReportReporter -->
<testsuite hostname="LeMounir" failures="0" tests="1" name="net.calculator.Test.GoogleTest" time="20.291" errors="0" timestamp="2022-08-07T18:08:45 EDT" skipped="0">
  <testcase classname="net.calculator.Test.GoogleTest" name="Google_PO" time="20.291"/>
  <system-out/>
</testsuite> <!-- net.calculator.Test.GoogleTest -->
