<?xml version="1.0" encoding="UTF-8"?>
<!-- Generated by org.testng.reporters.JUnitReportReporter -->
<testsuite hostname="LeMounir" failures="0" tests="2" name="net.calculator.Test.Main_FinancialTest" time="103.201" errors="0" timestamp="2022-08-14T00:18:56 EDT" skipped="0">
  <testcase classname="net.calculator.Test.Main_FinancialTest" name="Test_Links1" time="54.453"/>
  <system-out/>
  <testcase classname="net.calculator.Test.Main_FinancialTest" name="Test_Links2" time="48.748"/>
  <system-out/>
</testsuite> <!-- net.calculator.Test.Main_FinancialTest -->
