<?xml version="1.0" encoding="UTF-8"?>
<!-- Generated by org.testng.reporters.JUnitReportReporter -->
<testsuite hostname="LeMounir" failures="0" tests="10" name="net.calculator.Test.Main_Test" time="217.955" errors="0" timestamp="2022-08-10T14:05:27 EDT" skipped="0">
  <testcase classname="net.calculator.Test.Main_Test" name="Test_calculator" time="5.768"/>
  <system-out/>
  <testcase classname="net.calculator.Test.Main_Test" name="Test_Images" time="8.627"/>
  <system-out/>
  <testcase classname="net.calculator.Test.Main_Test" name="Test_Financial" time="15.646"/>
  <system-out/>
  <testcase classname="net.calculator.Test.Main_Test" name="Test_Fitness" time="16.755"/>
  <system-out/>
  <testcase classname="net.calculator.Test.Main_Test" name="Test_Finanial_Main" time="99.765"/>
  <system-out/>
  <testcase classname="net.calculator.Test.Main_Test" name="Test_Math" time="17.715"/>
  <system-out/>
  <testcase classname="net.calculator.Test.Main_Test" name="Test_Other" time="8.587"/>
  <system-out/>
  <testcase classname="net.calculator.Test.Main_Test" name="Test_Mortgage" time="14.819"/>
  <system-out/>
  <testcase classname="net.calculator.Test.Main_Test" name="Test_Least_Common_Multiple" time="12.385"/>
  <system-out/>
  <testcase classname="net.calculator.Test.Main_Test" name="Test_Virtual_Dice_Roller" time="17.888"/>
  <system-out/>
</testsuite> <!-- net.calculator.Test.Main_Test -->
