<?xml version="1.0" encoding="UTF-8"?>
<!-- Generated by org.testng.reporters.JUnitReportReporter -->
<testsuite hostname="LeMounir" failures="0" tests="1" name="net.calculator.Test.Freeimages_TC" time="17.801" errors="0" timestamp="2022-08-13T20:09:39 EDT" skipped="0">
  <testcase classname="net.calculator.Test.Freeimages_TC" name="Test_location" time="17.801"/>
  <system-out/>
</testsuite> <!-- net.calculator.Test.Freeimages_TC -->
