<?xml version="1.0" encoding="UTF-8"?>
<!-- Generated by org.testng.reporters.JUnitReportReporter -->
<testsuite hostname="LeMounir" failures="0" tests="1" name="net.calculator.tc.Virtual_Dice_Roller_TC" time="14.646" errors="0" timestamp="2022-08-07T17:21:45 EDT" skipped="0">
  <testcase classname="net.calculator.tc.Virtual_Dice_Roller_TC" name="Test_Virtual_Dice_Roller" time="14.646"/>
  <system-out/>
</testsuite> <!-- net.calculator.tc.Virtual_Dice_Roller_TC -->
