<?xml version="1.0" encoding="UTF-8"?>
<!-- Generated by org.testng.reporters.JUnitReportReporter -->
<testsuite hostname="LeMounir" failures="0" tests="1" name="net.calculator.Test.PricelineTest" time="16.420" errors="0" timestamp="2022-08-10T14:08:37 EDT" skipped="0">
  <testcase classname="net.calculator.Test.PricelineTest" name="Google_PO" time="16.420"/>
  <system-out/>
</testsuite> <!-- net.calculator.Test.PricelineTest -->
