<?xml version="1.0" encoding="UTF-8"?>
<!-- Generated by org.testng.reporters.JUnitReportReporter -->
<testsuite hostname="LeMounir" failures="0" tests="1" name="net.calculator.Test.ImagesTest" time="10.332" errors="0" timestamp="2022-08-11T10:42:41 EDT" skipped="0">
  <testcase classname="net.calculator.Test.ImagesTest" name="Test_Images" time="10.332"/>
  <system-out/>
</testsuite> <!-- net.calculator.Test.ImagesTest -->
