<?xml version="1.0" encoding="UTF-8"?>
<!-- Generated by org.testng.reporters.JUnitReportReporter -->
<testsuite hostname="LeMounir" failures="0" tests="1" name="net.calculator.tc.ret_TC" time="20.659" errors="0" timestamp="2022-07-28T11:28:36 EDT" skipped="0">
  <testcase classname="net.calculator.tc.ret_TC" name="Test" time="20.659"/>
  <system-out/>
</testsuite> <!-- net.calculator.tc.ret_TC -->
