<?xml version="1.0" encoding="UTF-8"?>
<!-- Generated by org.testng.reporters.JUnitReportReporter -->
<testsuite hostname="LeMounir" failures="0" tests="2" name="net.calculator.Test.Main_FinancialTest" time="164.946" errors="0" timestamp="2022-08-11T09:20:43 EDT" skipped="0">
  <testcase classname="net.calculator.Test.Main_FinancialTest" name="Test_Links1" time="78.826"/>
  <system-out/>
  <testcase classname="net.calculator.Test.Main_FinancialTest" name="Test_Links2" time="86.120"/>
  <system-out/>
</testsuite> <!-- net.calculator.Test.Main_FinancialTest -->
