<?xml version="1.0" encoding="UTF-8"?>
<!-- Generated by org.testng.reporters.JUnitReportReporter -->
<testsuite hostname="LeMounir" failures="0" tests="1" name="net.calculator.Test.ImagesTest" time="13.295" errors="0" timestamp="2022-08-09T19:42:30 EDT" skipped="0">
  <testcase classname="net.calculator.Test.ImagesTest" name="Test_Images" time="13.295"/>
  <system-out/>
</testsuite> <!-- net.calculator.Test.ImagesTest -->
