<?xml version="1.0" encoding="UTF-8"?>
<!-- Generated by org.testng.reporters.JUnitReportReporter -->
<testsuite hostname="LeMounir" failures="0" tests="1" name="net.calculator.Test.Least_Common_MultipleTest" time="17.809" errors="0" timestamp="2022-08-11T09:20:43 EDT" skipped="0">
  <testcase classname="net.calculator.Test.Least_Common_MultipleTest" name="Test_Other" time="17.809"/>
  <system-out/>
</testsuite> <!-- net.calculator.Test.Least_Common_MultipleTest -->
