<?xml version="1.0" encoding="UTF-8"?>
<!-- Generated by org.testng.reporters.JUnitReportReporter -->
<testsuite hostname="LeMounir" failures="0" tests="10" name="net.calculator.Test.Main_Test" time="389.990" errors="0" timestamp="2022-08-11T09:20:43 EDT" skipped="0">
  <testcase classname="net.calculator.Test.Main_Test" name="Test_calculator" time="13.500"/>
  <system-out/>
  <testcase classname="net.calculator.Test.Main_Test" name="Test_Images" time="15.832"/>
  <system-out/>
  <testcase classname="net.calculator.Test.Main_Test" name="Test_Fitness" time="22.775"/>
  <system-out/>
  <testcase classname="net.calculator.Test.Main_Test" name="Test_Financial" time="24.109"/>
  <system-out/>
  <testcase classname="net.calculator.Test.Main_Test" name="Test_Finanial_Main" time="170.838"/>
  <system-out/>
  <testcase classname="net.calculator.Test.Main_Test" name="Test_Math" time="31.795"/>
  <system-out/>
  <testcase classname="net.calculator.Test.Main_Test" name="Test_Other" time="34.330"/>
  <system-out/>
  <testcase classname="net.calculator.Test.Main_Test" name="Test_Mortgage" time="30.223"/>
  <system-out/>
  <testcase classname="net.calculator.Test.Main_Test" name="Test_Least_Common_Multiple" time="16.995"/>
  <system-out/>
  <testcase classname="net.calculator.Test.Main_Test" name="Test_Virtual_Dice_Roller" time="29.593"/>
  <system-out/>
</testsuite> <!-- net.calculator.Test.Main_Test -->
