<?xml version="1.0" encoding="UTF-8"?>
<!-- Generated by org.testng.reporters.JUnitReportReporter -->
<testsuite hostname="LeMounir" failures="0" tests="3" name="testNG.testing" time="76.477" errors="0" timestamp="2022-08-09T10:22:18 EDT" skipped="0">
  <testcase classname="testNG.testing" name="test1" time="1.740"/>
  <system-out/>
  <testcase classname="testNG.testing" name="gtest2" time="16.457"/>
  <system-out/>
  <testcase classname="testNG.testing" name="gmaillogin2" time="58.280"/>
  <system-out/>
</testsuite> <!-- testNG.testing -->
