<?xml version="1.0" encoding="UTF-8"?>
<!-- Generated by org.testng.reporters.JUnitReportReporter -->
<testsuite hostname="LeMounir" failures="0" tests="1" name="api.test.main.base" time="1.920" errors="0" timestamp="2022-08-10T17:23:32 EDT" skipped="0">
  <testcase classname="api.test.main.base" name="test" time="1.920"/>
  <system-out/>
</testsuite> <!-- api.test.main.base -->
